<?xml version="1.0" encoding="UTF-8"?>
<!DOCTYPE html PUBLIC "-//W3C//DTD XHTML 1.0 Strict//EN" "http://www.w3.org/TR/xhtml1/DTD/xhtml1-strict.dtd">
<html xmlns="http://www.w3.org/1999/xhtml">
<head>
    <title>Unit Test Report</title>
    <meta name="generator" content="HTMLTestRunner 0.8.2"/>
    <meta http-equiv="Content-Type" content="text/html; charset=UTF-8"/>
    
<style type="text/css" media="screen">
body        { font-family: verdana, arial, helvetica, sans-serif; font-size: 80%; }
table       { font-size: 100%; }
pre         { }

/* -- heading ---------------------------------------------------------------------- */
h1 {
	font-size: 16pt;
	color: gray;
}
.heading {
    margin-top: 0ex;
    margin-bottom: 1ex;
}

.heading .attribute {
    margin-top: 1ex;
    margin-bottom: 0;
}

.heading .description {
    margin-top: 4ex;
    margin-bottom: 6ex;
}

/* -- css div popup ------------------------------------------------------------------------ */
a.popup_link {
}

a.popup_link:hover {
    color: red;
}

.popup_window {
    display: none;
    position: relative;
    left: 0px;
    top: 0px;
    /*border: solid #627173 1px; */
    padding: 10px;
    background-color: #E6E6D6;
    font-family: "Lucida Console", "Courier New", Courier, monospace;
    text-align: left;
    font-size: 8pt;
    width: 500px;
}

}
/* -- report ------------------------------------------------------------------------ */
#show_detail_line {
    margin-top: 3ex;
    margin-bottom: 1ex;
}
#result_table {
    width: 80%;
    border-collapse: collapse;
    border: 1px solid #777;
}
#header_row {
    font-weight: bold;
    color: white;
    background-color: #777;
}
#result_table td {
    border: 1px solid #777;
    padding: 2px;
}
#total_row  { font-weight: bold; }
.passClass  { background-color: #6c6; }
.failClass  { background-color: #c60; }
.errorClass { background-color: #c00; }
.passCase   { color: #6c6; }
.failCase   { color: #c60; font-weight: bold; }
.errorCase  { color: #c00; font-weight: bold; }
.hiddenRow  { display: none; }
.testcase   { margin-left: 2em; }


/* -- ending ---------------------------------------------------------------------- */
#ending {
}

</style>

</head>
<body>
<script language="javascript" type="text/javascript"><!--
output_list = Array();

/* level - 0:Summary; 1:Failed; 2:All */
function showCase(level) {
    trs = document.getElementsByTagName("tr");
    for (var i = 0; i < trs.length; i++) {
        tr = trs[i];
        id = tr.id;
        if (id.substr(0,2) == 'ft') {
            if (level < 1) {
                tr.className = 'hiddenRow';
            }
            else {
                tr.className = '';
            }
        }
        if (id.substr(0,2) == 'pt') {
            if (level > 1) {
                tr.className = '';
            }
            else {
                tr.className = 'hiddenRow';
            }
        }
    }
}


function showClassDetail(cid, count) {
    var id_list = Array(count);
    var toHide = 1;
    for (var i = 0; i < count; i++) {
        tid0 = 't' + cid.substr(1) + '.' + (i+1);
        tid = 'f' + tid0;
        tr = document.getElementById(tid);
        if (!tr) {
            tid = 'p' + tid0;
            tr = document.getElementById(tid);
        }
        id_list[i] = tid;
        if (tr.className) {
            toHide = 0;
        }
    }
    for (var i = 0; i < count; i++) {
        tid = id_list[i];
        if (toHide) {
            document.getElementById('div_'+tid).style.display = 'none'
            document.getElementById(tid).className = 'hiddenRow';
        }
        else {
            document.getElementById(tid).className = '';
        }
    }
}


function showTestDetail(div_id){
    var details_div = document.getElementById(div_id)
    var displayState = details_div.style.display
    // alert(displayState)
    if (displayState != 'block' ) {
        displayState = 'block'
        details_div.style.display = 'block'
    }
    else {
        details_div.style.display = 'none'
    }
}


function html_escape(s) {
    s = s.replace(/&/g,'&amp;');
    s = s.replace(/</g,'&lt;');
    s = s.replace(/>/g,'&gt;');
    return s;
}

/* obsoleted by detail in <div>
function showOutput(id, name) {
    var w = window.open("", //url
                    name,
                    "resizable,scrollbars,status,width=800,height=450");
    d = w.document;
    d.write("<pre>");
    d.write(html_escape(output_list[id]));
    d.write("\n");
    d.write("<a href='javascript:window.close()'>close</a>\n");
    d.write("</pre>\n");
    d.close();
}
*/
--></script>

<div class='heading'>
<h1>Unit Test Report</h1>
<p class='attribute'><strong>Start Time:</strong> 2020-04-30 09:26:15</p>
<p class='attribute'><strong>Duration:</strong> 0:15:08.504488</p>
<p class='attribute'><strong>Status:</strong> Pass 31 Failure 8 Error 2</p>

<p class='description'></p>
</div>



<p id='show_detail_line'>Show
<a href='javascript:showCase(0)'>Summary</a>
<a href='javascript:showCase(1)'>Failed</a>
<a href='javascript:showCase(2)'>All</a>
</p>
<table id='result_table'>
<colgroup>
<col align='left' />
<col align='right' />
<col align='right' />
<col align='right' />
<col align='right' />
<col align='right' />
</colgroup>
<tr id='header_row'>
    <td>Test Group/Test case</td>
    <td>Count</td>
    <td>Pass</td>
    <td>Fail</td>
    <td>Error</td>
    <td>View</td>
</tr>

<tr class='passClass'>
    <td>testcase.test_login.TestLogin</td>
    <td>4</td>
    <td>4</td>
    <td>0</td>
    <td>0</td>
    <td><a href="javascript:showClassDetail('c1',4)">Detail</a></td>
</tr>

<tr id='pt1.1' class='hiddenRow'>
    <td class='none'><div class='testcase'>test_login_0_wncd007</div></td>
    <td colspan='5' align='center'>pass</td>
</tr>

<tr id='pt1.2' class='hiddenRow'>
    <td class='none'><div class='testcase'>test_login_1_admin1</div></td>
    <td colspan='5' align='center'>pass</td>
</tr>

<tr id='pt1.3' class='hiddenRow'>
    <td class='none'><div class='testcase'>test_login_2_wncd000</div></td>
    <td colspan='5' align='center'>pass</td>
</tr>

<tr id='pt1.4' class='hiddenRow'>
    <td class='none'><div class='testcase'>test_login_3_wncd000</div></td>
    <td colspan='5' align='center'>pass</td>
</tr>

<tr class='failClass'>
    <td>testcase.test_train_source.TrainsourceTest</td>
    <td>15</td>
    <td>13</td>
    <td>2</td>
    <td>0</td>
    <td><a href="javascript:showClassDetail('c2',15)">Detail</a></td>
</tr>

<tr id='pt2.1' class='hiddenRow'>
    <td class='none'><div class='testcase'>test_train_query_keywords_0__</div></td>
    <td colspan='5' align='center'>pass</td>
</tr>

<tr id='pt2.2' class='hiddenRow'>
    <td class='none'><div class='testcase'>test_train_query_keywords_1_18927189887</div></td>
    <td colspan='5' align='center'>pass</td>
</tr>

<tr id='pt2.3' class='hiddenRow'>
    <td class='none'><div class='testcase'>test_train_query_keywords_2_1054547403</div></td>
    <td colspan='5' align='center'>pass</td>
</tr>

<tr id='pt2.4' class='hiddenRow'>
    <td class='none'><div class='testcase'>test_train_query_keywords_3_jid_jki_t</div></td>
    <td colspan='5' align='center'>pass</td>
</tr>

<tr id='pt2.5' class='hiddenRow'>
    <td class='none'><div class='testcase'>test_train_query_pool_0__</div></td>
    <td colspan='5' align='center'>pass</td>
</tr>

<tr id='pt2.6' class='hiddenRow'>
    <td class='none'><div class='testcase'>test_train_query_source_0__</div></td>
    <td colspan='5' align='center'>pass</td>
</tr>

<tr id='pt2.7' class='hiddenRow'>
    <td class='none'><div class='testcase'>test_train_query_status_0__</div></td>
    <td colspan='5' align='center'>pass</td>
</tr>

<tr id='pt2.8' class='hiddenRow'>
    <td class='none'><div class='testcase'>test_train_query_time_0_2020_04_23</div></td>
    <td colspan='5' align='center'>pass</td>
</tr>

<tr id='pt2.9' class='hiddenRow'>
    <td class='none'><div class='testcase'>test_train_query_time_1_mm</div></td>
    <td colspan='5' align='center'>pass</td>
</tr>

<tr id='ft2.10' class='none'>
    <td class='failCase'><div class='testcase'>test_train_query_time_2_2016_02_04</div></td>
    <td colspan='5' align='center'>

    <!--css div popup start-->
    <a class="popup_link" onfocus='this.blur();' href="javascript:showTestDetail('div_ft2.10')" >
        fail</a>

    <div id='div_ft2.10' class="popup_window">
        <div style='text-align: right; color:red;cursor:pointer'>
        <a onfocus='this.blur();' onclick="document.getElementById('div_ft2.10').style.display = 'none' " >
           [x]</a>
        </div>
        <pre>
        
ft2.10: Traceback (most recent call last):
  File "D:\Python\lib\site-packages\parameterized\parameterized.py", line 518, in standalone_func
    return func(*(a + p.args), **p.kwargs)
  File "D:\study_all\grade3\woniuboss4.0_GUI\testcase\test_train_source.py", line 111, in test_train_query_time
    self.assertEqual(actual,expect)
AssertionError: 'pass' != 'fail'
- pass
+ fail

Traceback (most recent call last):
  File "D:\Python\lib\site-packages\parameterized\parameterized.py", line 518, in standalone_func
    return func(*(a + p.args), **p.kwargs)
  File "D:\study_all\grade3\woniuboss4.0_GUI\testcase\test_train_source.py", line 111, in test_train_query_time
    self.assertEqual(actual,expect)
AssertionError: 'pass' != 'fail'
- pass
+ fail



        </pre>
    </div>
    <!--css div popup end-->

    </td>
</tr>

<tr id='pt2.11' class='hiddenRow'>
    <td class='none'><div class='testcase'>test_train_query_whole_0__</div></td>
    <td colspan='5' align='center'>pass</td>
</tr>

<tr id='pt2.12' class='hiddenRow'>
    <td class='none'><div class='testcase'>test_train_query_whole_1__</div></td>
    <td colspan='5' align='center'>pass</td>
</tr>

<tr id='pt2.13' class='hiddenRow'>
    <td class='none'><div class='testcase'>test_train_query_whole_2__</div></td>
    <td colspan='5' align='center'>pass</td>
</tr>

<tr id='ft2.14' class='none'>
    <td class='failCase'><div class='testcase'>test_train_query_whole_3__</div></td>
    <td colspan='5' align='center'>

    <!--css div popup start-->
    <a class="popup_link" onfocus='this.blur();' href="javascript:showTestDetail('div_ft2.14')" >
        fail</a>

    <div id='div_ft2.14' class="popup_window">
        <div style='text-align: right; color:red;cursor:pointer'>
        <a onfocus='this.blur();' onclick="document.getElementById('div_ft2.14').style.display = 'none' " >
           [x]</a>
        </div>
        <pre>
        
ft2.14: Traceback (most recent call last):
  File "D:\Python\lib\site-packages\parameterized\parameterized.py", line 518, in standalone_func
    return func(*(a + p.args), **p.kwargs)
  File "D:\study_all\grade3\woniuboss4.0_GUI\testcase\test_train_source.py", line 142, in test_train_query_whole
    self.assertEqual(actual, expect)
AssertionError: 'fail' != 'pass'
- fail
+ pass

Traceback (most recent call last):
  File "D:\Python\lib\site-packages\parameterized\parameterized.py", line 518, in standalone_func
    return func(*(a + p.args), **p.kwargs)
  File "D:\study_all\grade3\woniuboss4.0_GUI\testcase\test_train_source.py", line 142, in test_train_query_whole
    self.assertEqual(actual, expect)
AssertionError: 'fail' != 'pass'
- fail
+ pass



        </pre>
    </div>
    <!--css div popup end-->

    </td>
</tr>

<tr id='pt2.15' class='hiddenRow'>
    <td class='none'><div class='testcase'>test_train_query_worker_0__</div></td>
    <td colspan='5' align='center'>pass</td>
</tr>

<tr class='failClass'>
    <td>testcase.test_train_add.TrainAddTest</td>
    <td>7</td>
    <td>5</td>
    <td>2</td>
    <td>0</td>
    <td><a href="javascript:showClassDetail('c3',7)">Detail</a></td>
</tr>

<tr id='pt3.1' class='hiddenRow'>
    <td class='none'><div class='testcase'>test_add_cus_0_</div></td>
    <td colspan='5' align='center'>pass</td>
</tr>

<tr id='pt3.2' class='hiddenRow'>
    <td class='none'><div class='testcase'>test_add_cus_1_15688900000</div></td>
    <td colspan='5' align='center'>pass</td>
</tr>

<tr id='pt3.3' class='hiddenRow'>
    <td class='none'><div class='testcase'>test_add_cus_2_15688900000</div></td>
    <td colspan='5' align='center'>pass</td>
</tr>

<tr id='pt3.4' class='hiddenRow'>
    <td class='none'><div class='testcase'>test_add_cus_3_15688900000</div></td>
    <td colspan='5' align='center'>pass</td>
</tr>

<tr id='pt3.5' class='hiddenRow'>
    <td class='none'><div class='testcase'>test_add_cus_4_1350a8084567</div></td>
    <td colspan='5' align='center'>pass</td>
</tr>

<tr id='ft3.6' class='none'>
    <td class='failCase'><div class='testcase'>test_add_cus_5_151818084567</div></td>
    <td colspan='5' align='center'>

    <!--css div popup start-->
    <a class="popup_link" onfocus='this.blur();' href="javascript:showTestDetail('div_ft3.6')" >
        fail</a>

    <div id='div_ft3.6' class="popup_window">
        <div style='text-align: right; color:red;cursor:pointer'>
        <a onfocus='this.blur();' onclick="document.getElementById('div_ft3.6').style.display = 'none' " >
           [x]</a>
        </div>
        <pre>
        
ft3.6: Traceback (most recent call last):
  File "D:\Python\lib\site-packages\parameterized\parameterized.py", line 518, in standalone_func
    return func(*(a + p.args), **p.kwargs)
  File "D:\study_all\grade3\woniuboss4.0_GUI\testcase\test_train_add.py", line 34, in test_add_cus
    self.assertEqual(actual, expect)
AssertionError: 'fail' != 'pass'
- fail
+ pass

Traceback (most recent call last):
  File "D:\Python\lib\site-packages\parameterized\parameterized.py", line 518, in standalone_func
    return func(*(a + p.args), **p.kwargs)
  File "D:\study_all\grade3\woniuboss4.0_GUI\testcase\test_train_add.py", line 34, in test_add_cus
    self.assertEqual(actual, expect)
AssertionError: 'fail' != 'pass'
- fail
+ pass



        </pre>
    </div>
    <!--css div popup end-->

    </td>
</tr>

<tr id='ft3.7' class='none'>
    <td class='failCase'><div class='testcase'>test_add_cus_6_151818084567</div></td>
    <td colspan='5' align='center'>

    <!--css div popup start-->
    <a class="popup_link" onfocus='this.blur();' href="javascript:showTestDetail('div_ft3.7')" >
        fail</a>

    <div id='div_ft3.7' class="popup_window">
        <div style='text-align: right; color:red;cursor:pointer'>
        <a onfocus='this.blur();' onclick="document.getElementById('div_ft3.7').style.display = 'none' " >
           [x]</a>
        </div>
        <pre>
        
ft3.7: Traceback (most recent call last):
  File "D:\Python\lib\site-packages\parameterized\parameterized.py", line 518, in standalone_func
    return func(*(a + p.args), **p.kwargs)
  File "D:\study_all\grade3\woniuboss4.0_GUI\testcase\test_train_add.py", line 34, in test_add_cus
    self.assertEqual(actual, expect)
AssertionError: 'pass' != 'fail'
- pass
+ fail

Traceback (most recent call last):
  File "D:\Python\lib\site-packages\parameterized\parameterized.py", line 518, in standalone_func
    return func(*(a + p.args), **p.kwargs)
  File "D:\study_all\grade3\woniuboss4.0_GUI\testcase\test_train_add.py", line 34, in test_add_cus
    self.assertEqual(actual, expect)
AssertionError: 'pass' != 'fail'
- pass
+ fail



        </pre>
    </div>
    <!--css div popup end-->

    </td>
</tr>

<tr class='failClass'>
    <td>testcase.test_train_track.TraintrackTest</td>
    <td>8</td>
    <td>5</td>
    <td>3</td>
    <td>0</td>
    <td><a href="javascript:showClassDetail('c4',8)">Detail</a></td>
</tr>

<tr id='ft4.1' class='none'>
    <td class='failCase'><div class='testcase'>test_track_public_0__</div></td>
    <td colspan='5' align='center'>

    <!--css div popup start-->
    <a class="popup_link" onfocus='this.blur();' href="javascript:showTestDetail('div_ft4.1')" >
        fail</a>

    <div id='div_ft4.1' class="popup_window">
        <div style='text-align: right; color:red;cursor:pointer'>
        <a onfocus='this.blur();' onclick="document.getElementById('div_ft4.1').style.display = 'none' " >
           [x]</a>
        </div>
        <pre>
        
ft4.1: Traceback (most recent call last):
  File "D:\Python\lib\site-packages\parameterized\parameterized.py", line 518, in standalone_func
    return func(*(a + p.args), **p.kwargs)
  File "D:\study_all\grade3\woniuboss4.0_GUI\testcase\test_train_track.py", line 59, in test_track_public
    self.assertEqual(actual, expect)
AssertionError: 'fail' != 'pass'
- fail
+ pass

Traceback (most recent call last):
  File "D:\Python\lib\site-packages\parameterized\parameterized.py", line 518, in standalone_func
    return func(*(a + p.args), **p.kwargs)
  File "D:\study_all\grade3\woniuboss4.0_GUI\testcase\test_train_track.py", line 59, in test_track_public
    self.assertEqual(actual, expect)
AssertionError: 'fail' != 'pass'
- fail
+ pass



        </pre>
    </div>
    <!--css div popup end-->

    </td>
</tr>

<tr id='ft4.2' class='none'>
    <td class='failCase'><div class='testcase'>test_track_public_1__</div></td>
    <td colspan='5' align='center'>

    <!--css div popup start-->
    <a class="popup_link" onfocus='this.blur();' href="javascript:showTestDetail('div_ft4.2')" >
        fail</a>

    <div id='div_ft4.2' class="popup_window">
        <div style='text-align: right; color:red;cursor:pointer'>
        <a onfocus='this.blur();' onclick="document.getElementById('div_ft4.2').style.display = 'none' " >
           [x]</a>
        </div>
        <pre>
        
ft4.2: Traceback (most recent call last):
  File "D:\Python\lib\site-packages\parameterized\parameterized.py", line 518, in standalone_func
    return func(*(a + p.args), **p.kwargs)
  File "D:\study_all\grade3\woniuboss4.0_GUI\testcase\test_train_track.py", line 59, in test_track_public
    self.assertEqual(actual, expect)
AssertionError: 'fail' != 'pass'
- fail
+ pass

Traceback (most recent call last):
  File "D:\Python\lib\site-packages\parameterized\parameterized.py", line 518, in standalone_func
    return func(*(a + p.args), **p.kwargs)
  File "D:\study_all\grade3\woniuboss4.0_GUI\testcase\test_train_track.py", line 59, in test_track_public
    self.assertEqual(actual, expect)
AssertionError: 'fail' != 'pass'
- fail
+ pass



        </pre>
    </div>
    <!--css div popup end-->

    </td>
</tr>

<tr id='ft4.3' class='none'>
    <td class='failCase'><div class='testcase'>test_track_public_2__</div></td>
    <td colspan='5' align='center'>

    <!--css div popup start-->
    <a class="popup_link" onfocus='this.blur();' href="javascript:showTestDetail('div_ft4.3')" >
        fail</a>

    <div id='div_ft4.3' class="popup_window">
        <div style='text-align: right; color:red;cursor:pointer'>
        <a onfocus='this.blur();' onclick="document.getElementById('div_ft4.3').style.display = 'none' " >
           [x]</a>
        </div>
        <pre>
        
ft4.3: Traceback (most recent call last):
  File "D:\Python\lib\site-packages\parameterized\parameterized.py", line 518, in standalone_func
    return func(*(a + p.args), **p.kwargs)
  File "D:\study_all\grade3\woniuboss4.0_GUI\testcase\test_train_track.py", line 59, in test_track_public
    self.assertEqual(actual, expect)
AssertionError: 'fail' != 'pass'
- fail
+ pass

Traceback (most recent call last):
  File "D:\Python\lib\site-packages\parameterized\parameterized.py", line 518, in standalone_func
    return func(*(a + p.args), **p.kwargs)
  File "D:\study_all\grade3\woniuboss4.0_GUI\testcase\test_train_track.py", line 59, in test_track_public
    self.assertEqual(actual, expect)
AssertionError: 'fail' != 'pass'
- fail
+ pass



        </pre>
    </div>
    <!--css div popup end-->

    </td>
</tr>

<tr id='pt4.4' class='hiddenRow'>
    <td class='none'><div class='testcase'>test_track_student_0__</div></td>
    <td colspan='5' align='center'>pass</td>
</tr>

<tr id='pt4.5' class='hiddenRow'>
    <td class='none'><div class='testcase'>test_track_student_1__</div></td>
    <td colspan='5' align='center'>pass</td>
</tr>

<tr id='pt4.6' class='hiddenRow'>
    <td class='none'><div class='testcase'>test_track_student_2__</div></td>
    <td colspan='5' align='center'>pass</td>
</tr>

<tr id='pt4.7' class='hiddenRow'>
    <td class='none'><div class='testcase'>test_track_student_3__</div></td>
    <td colspan='5' align='center'>pass</td>
</tr>

<tr id='pt4.8' class='hiddenRow'>
    <td class='none'><div class='testcase'>test_track_student_4__</div></td>
    <td colspan='5' align='center'>pass</td>
</tr>

<tr class='errorClass'>
    <td>testcase.test_abandon.AbandonTest</td>
    <td>1</td>
    <td>0</td>
    <td>0</td>
    <td>1</td>
    <td><a href="javascript:showClassDetail('c5',1)">Detail</a></td>
</tr>

<tr id='ft5.1' class='none'>
    <td class='errorCase'><div class='testcase'>test_abandon_0__</div></td>
    <td colspan='5' align='center'>

    <!--css div popup start-->
    <a class="popup_link" onfocus='this.blur();' href="javascript:showTestDetail('div_ft5.1')" >
        error</a>

    <div id='div_ft5.1' class="popup_window">
        <div style='text-align: right; color:red;cursor:pointer'>
        <a onfocus='this.blur();' onclick="document.getElementById('div_ft5.1').style.display = 'none' " >
           [x]</a>
        </div>
        <pre>
        
ft5.1: Traceback (most recent call last):
  File "D:\Python\lib\site-packages\parameterized\parameterized.py", line 518, in standalone_func
    return func(*(a + p.args), **p.kwargs)
  File "D:\study_all\grade3\woniuboss4.0_GUI\testcase\test_abandon.py", line 22, in test_abandon
    self.abandon.do_abandon(cus_keyw)
  File "D:\study_all\grade3\woniuboss4.0_GUI\common\train_abandon.py", line 33, in do_abandon
    self.click_option()
  File "D:\study_all\grade3\woniuboss4.0_GUI\common\train_abandon.py", line 12, in click_option
    self.driver.find_element_by_xpath('//table[@id="personal-table"]/tbody/tr[1]/td[1]/input').click()
  File "D:\Python\lib\site-packages\selenium\webdriver\remote\webdriver.py", line 394, in find_element_by_xpath
    return self.find_element(by=By.XPATH, value=xpath)
  File "D:\Python\lib\site-packages\selenium\webdriver\remote\webdriver.py", line 978, in find_element
    'value': value})['value']
  File "D:\Python\lib\site-packages\selenium\webdriver\remote\webdriver.py", line 321, in execute
    self.error_handler.check_response(response)
  File "D:\Python\lib\site-packages\selenium\webdriver\remote\errorhandler.py", line 242, in check_response
    raise exception_class(message, screen, stacktrace)
selenium.common.exceptions.NoSuchElementException: Message: Unable to locate element: //table[@id="personal-table"]/tbody/tr[1]/td[1]/input

Traceback (most recent call last):
  File "D:\Python\lib\site-packages\parameterized\parameterized.py", line 518, in standalone_func
    return func(*(a + p.args), **p.kwargs)
  File "D:\study_all\grade3\woniuboss4.0_GUI\testcase\test_abandon.py", line 22, in test_abandon
    self.abandon.do_abandon(cus_keyw)
  File "D:\study_all\grade3\woniuboss4.0_GUI\common\train_abandon.py", line 33, in do_abandon
    self.click_option()
  File "D:\study_all\grade3\woniuboss4.0_GUI\common\train_abandon.py", line 12, in click_option
    self.driver.find_element_by_xpath('//table[@id="personal-table"]/tbody/tr[1]/td[1]/input').click()
  File "D:\Python\lib\site-packages\selenium\webdriver\remote\webdriver.py", line 394, in find_element_by_xpath
    return self.find_element(by=By.XPATH, value=xpath)
  File "D:\Python\lib\site-packages\selenium\webdriver\remote\webdriver.py", line 978, in find_element
    'value': value})['value']
  File "D:\Python\lib\site-packages\selenium\webdriver\remote\webdriver.py", line 321, in execute
    self.error_handler.check_response(response)
  File "D:\Python\lib\site-packages\selenium\webdriver\remote\errorhandler.py", line 242, in check_response
    raise exception_class(message, screen, stacktrace)
selenium.common.exceptions.NoSuchElementException: Message: Unable to locate element: //table[@id="personal-table"]/tbody/tr[1]/td[1]/input



        </pre>
    </div>
    <!--css div popup end-->

    </td>
</tr>

<tr class='errorClass'>
    <td>testcase.test_assign.AssignTest</td>
    <td>2</td>
    <td>1</td>
    <td>0</td>
    <td>1</td>
    <td><a href="javascript:showClassDetail('c6',2)">Detail</a></td>
</tr>

<tr id='ft6.1' class='none'>
    <td class='errorCase'><div class='testcase'>test_assign_all_to_counselor_0__</div></td>
    <td colspan='5' align='center'>

    <!--css div popup start-->
    <a class="popup_link" onfocus='this.blur();' href="javascript:showTestDetail('div_ft6.1')" >
        error</a>

    <div id='div_ft6.1' class="popup_window">
        <div style='text-align: right; color:red;cursor:pointer'>
        <a onfocus='this.blur();' onclick="document.getElementById('div_ft6.1').style.display = 'none' " >
           [x]</a>
        </div>
        <pre>
        
ft6.1: Traceback (most recent call last):
  File "D:\Python\lib\site-packages\parameterized\parameterized.py", line 518, in standalone_func
    return func(*(a + p.args), **p.kwargs)
  File "D:\study_all\grade3\woniuboss4.0_GUI\testcase\test_assign.py", line 25, in test_assign_all_to_counselor
    if self.assign.do_assign_all_to_counselor(cus_channel,cus_curriculum):
  File "D:\study_all\grade3\woniuboss4.0_GUI\common\train_assign.py", line 77, in do_assign_all_to_counselor
    total_before = self.total_info()
  File "D:\study_all\grade3\woniuboss4.0_GUI\common\train_assign.py", line 55, in total_info
    total_number=Utility.get_number(total_str,'总共')
  File "D:\study_all\grade3\woniuboss4.0_GUI\util\utility.py", line 174, in get_number
    b = str.split(split_flag)[1]
IndexError: list index out of range
Traceback (most recent call last):
  File "D:\Python\lib\site-packages\parameterized\parameterized.py", line 518, in standalone_func
    return func(*(a + p.args), **p.kwargs)
  File "D:\study_all\grade3\woniuboss4.0_GUI\testcase\test_assign.py", line 25, in test_assign_all_to_counselor
    if self.assign.do_assign_all_to_counselor(cus_channel,cus_curriculum):
  File "D:\study_all\grade3\woniuboss4.0_GUI\common\train_assign.py", line 77, in do_assign_all_to_counselor
    total_before = self.total_info()
  File "D:\study_all\grade3\woniuboss4.0_GUI\common\train_assign.py", line 55, in total_info
    total_number=Utility.get_number(total_str,'总共')
  File "D:\study_all\grade3\woniuboss4.0_GUI\util\utility.py", line 174, in get_number
    b = str.split(split_flag)[1]
IndexError: list index out of range


        </pre>
    </div>
    <!--css div popup end-->

    </td>
</tr>

<tr id='pt6.2' class='hiddenRow'>
    <td class='none'><div class='testcase'>test_assign_to_counselor_0_360_</div></td>
    <td colspan='5' align='center'>pass</td>
</tr>

<tr class='failClass'>
    <td>testcase.test_transmit.TransmitTest</td>
    <td>2</td>
    <td>1</td>
    <td>1</td>
    <td>0</td>
    <td><a href="javascript:showClassDetail('c7',2)">Detail</a></td>
</tr>

<tr id='ft7.1' class='none'>
    <td class='failCase'><div class='testcase'>test_do_submit_0__</div></td>
    <td colspan='5' align='center'>

    <!--css div popup start-->
    <a class="popup_link" onfocus='this.blur();' href="javascript:showTestDetail('div_ft7.1')" >
        fail</a>

    <div id='div_ft7.1' class="popup_window">
        <div style='text-align: right; color:red;cursor:pointer'>
        <a onfocus='this.blur();' onclick="document.getElementById('div_ft7.1').style.display = 'none' " >
           [x]</a>
        </div>
        <pre>
        
ft7.1: Traceback (most recent call last):
  File "D:\Python\lib\site-packages\parameterized\parameterized.py", line 518, in standalone_func
    return func(*(a + p.args), **p.kwargs)
  File "D:\study_all\grade3\woniuboss4.0_GUI\testcase\test_transmit.py", line 30, in test_do_submit
    self.assertEqual(actual,expect)
AssertionError: 'fail' != 'pass'
- fail
+ pass

Traceback (most recent call last):
  File "D:\Python\lib\site-packages\parameterized\parameterized.py", line 518, in standalone_func
    return func(*(a + p.args), **p.kwargs)
  File "D:\study_all\grade3\woniuboss4.0_GUI\testcase\test_transmit.py", line 30, in test_do_submit
    self.assertEqual(actual,expect)
AssertionError: 'fail' != 'pass'
- fail
+ pass



        </pre>
    </div>
    <!--css div popup end-->

    </td>
</tr>

<tr id='pt7.2' class='hiddenRow'>
    <td class='none'><div class='testcase'>test_query_0__</div></td>
    <td colspan='5' align='center'>pass</td>
</tr>

<tr class='passClass'>
    <td>testcase.test_public.PublicTest</td>
    <td>2</td>
    <td>2</td>
    <td>0</td>
    <td>0</td>
    <td><a href="javascript:showClassDetail('c8',2)">Detail</a></td>
</tr>

<tr id='pt8.1' class='hiddenRow'>
    <td class='none'><div class='testcase'>test_do_claim_all_0__</div></td>
    <td colspan='5' align='center'>pass</td>
</tr>

<tr id='pt8.2' class='hiddenRow'>
    <td class='none'><div class='testcase'>test_do_claim_one_0__</div></td>
    <td colspan='5' align='center'>pass</td>
</tr>

<tr id='total_row'>
    <td>Total</td>
    <td>41</td>
    <td>31</td>
    <td>8</td>
    <td>2</td>
    <td>&nbsp;</td>
</tr>
</table>

<div id='ending'>&nbsp;</div>

</body>
</html>
